[2026-04-17T18:03:05Z] caveman-budget-auto fired  cwd=/Users/joshc/Projects/c3cdao-pfty
[2026-04-17T18:03:05Z] workflow-gates-session fired  cwd=/Users/joshc/Projects/c3cdao-pfty
[2026-04-17T19:08:20Z] caveman-budget-auto fired  cwd=/Users/joshc/Projects/c3cdao-pfty
[2026-04-17T19:08:20Z] workflow-gates-session fired  cwd=/Users/joshc/Projects/c3cdao-pfty
[2026-04-17T19:31:49Z] workflow-gates-session fired  cwd=/Users/joshc/.skills
[2026-04-17T19:31:49Z] caveman-budget-auto fired  cwd=/Users/joshc/.skills
[2026-04-17T19:40:08Z] caveman-budget-auto fired  cwd=/Users/joshc/Projects/flightPriceTrackerProj
[2026-04-17T19:40:08Z] workflow-gates-session fired  cwd=/Users/joshc/Projects/flightPriceTrackerProj
[2026-04-17T20:02:18Z] workflow-gates-session fired  cwd=/Users/joshc/Projects/flightPriceTrackerProj
[2026-04-17T20:02:18Z] caveman-budget-auto fired  cwd=/Users/joshc/Projects/flightPriceTrackerProj
[2026-04-17T20:25:22Z] workflow-gates-session fired  cwd=/Users/joshc/Projects/c3cdao-pfty
[2026-04-17T20:25:22Z] caveman-budget-auto fired  cwd=/Users/joshc/Projects/c3cdao-pfty
[2026-04-17T20:30:08Z] caveman-budget-auto fired  cwd=/Users/joshc/Projects/c3cdao-pfty
[2026-04-17T20:30:08Z] workflow-gates-session fired  cwd=/Users/joshc/Projects/c3cdao-pfty
[2026-04-17T20:54:45Z] caveman-budget-auto fired  cwd=/Users/joshc/.skills
[2026-04-17T20:54:45Z] workflow-gates-session fired  cwd=/Users/joshc/.skills
[2026-04-20T02:47:50Z] workflow-gates-session fired  cwd=/Users/joshc/Projects/orchestra
[2026-04-20T02:47:50Z] caveman-budget-auto fired  cwd=/Users/joshc/Projects/orchestra
[2026-04-20T02:54:39Z] caveman-budget-auto fired  cwd=/Users/joshc/Projects/orchestra
[2026-04-20T02:54:39Z] workflow-gates-session fired  cwd=/Users/joshc/Projects/orchestra
[2026-04-20T03:43:12Z] workflow-gates-session fired  cwd=/Users/joshc/Projects/orchestra
[2026-04-20T03:43:12Z] caveman-budget-auto fired  cwd=/Users/joshc/Projects/orchestra
[2026-04-20T14:38:47Z] workflow-gates-session fired  cwd=/Users/joshc/Projects/c3cdao-pfty
[2026-04-20T14:38:47Z] caveman-budget-auto fired  cwd=/Users/joshc/Projects/c3cdao-pfty
[2026-04-20T14:54:48Z] caveman-budget-auto fired  cwd=/Users/joshc/Projects/c3cdao-pfty
[2026-04-20T14:54:48Z] workflow-gates-session fired  cwd=/Users/joshc/Projects/c3cdao-pfty
[2026-04-20T14:55:00Z] caveman-budget-auto fired  cwd=/Users/joshc/Projects/c3cdao-pfty
[2026-04-20T14:55:00Z] workflow-gates-session fired  cwd=/Users/joshc/Projects/c3cdao-pfty
[2026-04-20T15:15:34Z] workflow-gates-session fired  cwd=/Users/joshc/Projects/orchestra
[2026-04-20T15:15:34Z] caveman-budget-auto fired  cwd=/Users/joshc/Projects/orchestra
[2026-04-20T20:46:19Z] workflow-gates-session fired  cwd=/Users/joshc/Projects/orchestra
[2026-04-20T20:46:19Z] caveman-budget-auto fired  cwd=/Users/joshc/Projects/orchestra
[2026-04-21T14:11:14Z] caveman-budget-auto fired  cwd=/Users/joshc/Projects/orchestra
[2026-04-21T14:11:14Z] workflow-gates-session fired  cwd=/Users/joshc/Projects/orchestra
[2026-04-21T14:28:48Z] caveman-budget-auto fired  cwd=/Users/joshc/Projects/c3cdao-pfty
[2026-04-21T14:28:48Z] workflow-gates-session fired  cwd=/Users/joshc/Projects/c3cdao-pfty
[2026-04-21T14:33:49Z] workflow-gates-session fired  cwd=/Users/joshc/Projects/c3cdao-pfty
[2026-04-21T14:33:49Z] caveman-budget-auto fired  cwd=/Users/joshc/Projects/c3cdao-pfty
[2026-04-21T14:55:25Z] caveman-budget-auto fired  cwd=/Users/joshc/Projects/c3cdao-pfty
[2026-04-21T14:55:25Z] workflow-gates-session fired  cwd=/Users/joshc/Projects/c3cdao-pfty
[2026-04-21T15:00:55Z] workflow-gates-session fired  cwd=/Users/joshc/Projects/c3cdao-pfty
[2026-04-21T15:00:55Z] caveman-budget-auto fired  cwd=/Users/joshc/Projects/c3cdao-pfty
[2026-04-21T16:27:41Z] caveman-budget-auto fired  cwd=/Users/joshc/Projects/orchestra
[2026-04-21T16:27:41Z] workflow-gates-session fired  cwd=/Users/joshc/Projects/orchestra
[2026-04-21T16:28:37Z] caveman-budget-auto fired  cwd=/Users/joshc/Projects/orchestra
[2026-04-21T16:28:37Z] workflow-gates-session fired  cwd=/Users/joshc/Projects/orchestra
[2026-04-21T16:30:53Z] workflow-gates-session fired  cwd=/Users/joshc/Projects/flightPriceTrackerProj
[2026-04-21T16:30:53Z] caveman-budget-auto fired  cwd=/Users/joshc/Projects/flightPriceTrackerProj
[2026-04-21T16:30:53Z] workflow-gates-session fired  cwd=/Users/joshc/Projects/orchestra
[2026-04-21T16:30:53Z] caveman-budget-auto fired  cwd=/Users/joshc/Projects/orchestra
[2026-04-21T16:30:53Z] workflow-gates-session fired  cwd=/Users/joshc/Projects/flightPriceTrackerProj
[2026-04-21T16:30:53Z] caveman-budget-auto fired  cwd=/Users/joshc/Projects/flightPriceTrackerProj
[2026-04-21T16:30:53Z] caveman-budget-auto fired  cwd=/Users/joshc/Projects/orchestra
[2026-04-21T16:30:53Z] workflow-gates-session fired  cwd=/Users/joshc/Projects/orchestra
[2026-04-21T16:30:54Z] workflow-gates-session fired  cwd=/Users/joshc/.skills
[2026-04-21T16:30:54Z] caveman-budget-auto fired  cwd=/Users/joshc/.skills
[2026-04-21T16:30:54Z] caveman-budget-auto fired  cwd=/Users/joshc/.skills
[2026-04-21T16:30:54Z] workflow-gates-session fired  cwd=/Users/joshc/.skills
[2026-04-21T16:30:57Z] caveman-budget-auto fired  cwd=/Users/joshc/Projects/c3cdao-pfty
[2026-04-21T16:30:57Z] workflow-gates-session fired  cwd=/Users/joshc/Projects/c3cdao-pfty
[2026-04-21T16:30:57Z] workflow-gates-session fired  cwd=/Users/joshc/Projects/c3cdao-pfty
[2026-04-21T16:30:57Z] caveman-budget-auto fired  cwd=/Users/joshc/Projects/c3cdao-pfty
[2026-04-21T16:31:06Z] workflow-gates-session fired  cwd=/Users/joshc/Projects/orchestra
[2026-04-21T16:31:06Z] caveman-budget-auto fired  cwd=/Users/joshc/Projects/orchestra
[2026-04-21T16:31:08Z] caveman-budget-auto fired  cwd=/Users/joshc/Projects/orchestra
[2026-04-21T16:31:08Z] workflow-gates-session fired  cwd=/Users/joshc/Projects/orchestra
[2026-04-21T16:31:45Z] caveman-budget-auto fired  cwd=/Users/joshc/Projects/orchestra
[2026-04-21T16:31:45Z] workflow-gates-session fired  cwd=/Users/joshc/Projects/orchestra
[2026-04-21T16:32:35Z] caveman-budget-auto fired  cwd=/Users/joshc/Projects/orchestra
[2026-04-21T16:32:35Z] workflow-gates-session fired  cwd=/Users/joshc/Projects/orchestra
[2026-04-21T16:33:42Z] caveman-budget-auto fired  cwd=/Users/joshc/Projects/orchestra
[2026-04-21T16:33:42Z] workflow-gates-session fired  cwd=/Users/joshc/Projects/orchestra
[2026-04-21T16:43:20Z] workflow-gates-session fired  cwd=/Users/joshc/Projects/c3cdao-pfty
[2026-04-21T16:43:20Z] caveman-budget-auto fired  cwd=/Users/joshc/Projects/c3cdao-pfty
[2026-04-21T16:43:52Z] caveman-budget-auto fired  cwd=/Users/joshc/Projects/flightPriceTrackerProj
[2026-04-21T16:43:52Z] workflow-gates-session fired  cwd=/Users/joshc/Projects/flightPriceTrackerProj
[2026-04-21T17:19:24Z] workflow-gates-session fired  cwd=/Users/joshc/Projects/flightPriceTrackerProj
[2026-04-21T17:19:24Z] caveman-budget-auto fired  cwd=/Users/joshc/Projects/flightPriceTrackerProj
[2026-04-21T17:19:25Z] workflow-gates-session fired  cwd=/Users/joshc/.skills
[2026-04-21T17:19:25Z] caveman-budget-auto fired  cwd=/Users/joshc/.skills
[2026-04-21T17:19:25Z] caveman-budget-auto fired  cwd=/Users/joshc/Projects/orchestra
[2026-04-21T17:19:25Z] workflow-gates-session fired  cwd=/Users/joshc/Projects/orchestra
[2026-04-21T17:19:26Z] caveman-budget-auto fired  cwd=/Users/joshc/Projects/orchestra
[2026-04-21T17:19:26Z] workflow-gates-session fired  cwd=/Users/joshc/Projects/orchestra
[2026-04-21T17:19:30Z] workflow-gates-session fired  cwd=/Users/joshc/Projects/c3cdao-pfty
[2026-04-21T17:19:30Z] caveman-budget-auto fired  cwd=/Users/joshc/Projects/c3cdao-pfty
[2026-04-21T17:32:48Z] caveman-budget-auto fired  cwd=/Users/joshc/Projects/flightPriceTrackerProj
[2026-04-21T17:32:48Z] workflow-gates-session fired  cwd=/Users/joshc/Projects/flightPriceTrackerProj
[2026-04-21T17:33:02Z] workflow-gates-session fired  cwd=/Users/joshc/Projects/flightPriceTrackerProj
[2026-04-21T17:33:02Z] caveman-budget-auto fired  cwd=/Users/joshc/Projects/flightPriceTrackerProj
[2026-04-21T17:39:35Z] workflow-gates-session fired  cwd=/Users/joshc/Projects/orchestra
[2026-04-21T17:39:35Z] caveman-budget-auto fired  cwd=/Users/joshc/Projects/orchestra
[2026-04-21T19:15:43Z] workflow-gates-session fired  cwd=/Users/joshc/Projects/orchestra
[2026-04-21T19:15:43Z] caveman-budget-auto fired  cwd=/Users/joshc/Projects/orchestra
[2026-04-21T19:32:50Z] workflow-gates-session fired  cwd=/Users/joshc/Projects/c3cdao-pfty
[2026-04-21T19:32:50Z] caveman-budget-auto fired  cwd=/Users/joshc/Projects/c3cdao-pfty
[2026-04-21T20:03:02Z] caveman-budget-auto fired  cwd=/Users/joshc/Projects/c3cdao-pfty
[2026-04-21T20:03:02Z] workflow-gates-session fired  cwd=/Users/joshc/Projects/c3cdao-pfty
[2026-04-21T20:10:08Z] caveman-budget-auto fired  cwd=/Users/joshc/Projects/flightPriceTrackerProj
[2026-04-21T20:10:08Z] workflow-gates-session fired  cwd=/Users/joshc/Projects/flightPriceTrackerProj
[2026-04-22T03:03:18Z] workflow-gates-session fired  cwd=/Users/joshc/Projects/orchestra
[2026-04-22T03:03:18Z] caveman-budget-auto fired  cwd=/Users/joshc/Projects/orchestra
[2026-04-22T03:22:19Z] caveman-budget-auto fired  cwd=/Users/joshc/Projects/orchestra
[2026-04-22T03:22:19Z] workflow-gates-session fired  cwd=/Users/joshc/Projects/orchestra
[2026-04-22T03:58:50Z] workflow-gates-session fired  cwd=/Users/joshc/Projects/orchestra
[2026-04-22T03:58:50Z] caveman-budget-auto fired  cwd=/Users/joshc/Projects/orchestra
[2026-04-22T05:26:17Z] caveman-budget-auto fired  cwd=/Users/joshc/Projects/orchestra
[2026-04-22T05:26:17Z] workflow-gates-session fired  cwd=/Users/joshc/Projects/orchestra
[2026-04-22T05:34:14Z] workflow-gates-session fired  cwd=/Users/joshc/Projects/orchestra
[2026-04-22T05:34:14Z] caveman-budget-auto fired  cwd=/Users/joshc/Projects/orchestra
[2026-04-22T05:34:15Z] workflow-gates-session fired  cwd=/Users/joshc/Projects/orchestra
[2026-04-22T05:34:15Z] caveman-budget-auto fired  cwd=/Users/joshc/Projects/orchestra
[2026-04-22T14:17:53Z] caveman-budget-auto fired  cwd=/Users/joshc/.skills
[2026-04-22T14:17:53Z] workflow-gates-session fired  cwd=/Users/joshc/.skills
[2026-04-22T14:17:53Z] workflow-gates-session fired  cwd=/Users/joshc/.skills
[2026-04-22T14:17:53Z] caveman-budget-auto fired  cwd=/Users/joshc/.skills
[2026-04-22T14:24:36Z] caveman-budget-auto fired  cwd=/Users/joshc/Projects/c3cdao-pfty
[2026-04-22T14:24:36Z] workflow-gates-session fired  cwd=/Users/joshc/Projects/c3cdao-pfty
[2026-04-22T14:24:40Z] caveman-budget-auto fired  cwd=/Users/joshc/Projects/c3cdao-pfty
[2026-04-22T14:24:40Z] workflow-gates-session fired  cwd=/Users/joshc/Projects/c3cdao-pfty
[2026-04-22T14:24:52Z] workflow-gates-session fired  cwd=/Users/joshc/Projects/c3cdao-pfty
[2026-04-22T14:24:52Z] caveman-budget-auto fired  cwd=/Users/joshc/Projects/c3cdao-pfty
[2026-04-22T14:24:53Z] caveman-budget-auto fired  cwd=/Users/joshc/Projects/c3cdao-pfty
[2026-04-22T14:24:53Z] workflow-gates-session fired  cwd=/Users/joshc/Projects/c3cdao-pfty
[2026-04-22T14:24:53Z] caveman-budget-auto fired  cwd=/Users/joshc/Projects/c3cdao-pfty
[2026-04-22T14:24:53Z] workflow-gates-session fired  cwd=/Users/joshc/Projects/c3cdao-pfty
[2026-04-22T14:24:53Z] workflow-gates-session fired  cwd=/Users/joshc/Projects/c3cdao-pfty
[2026-04-22T14:24:53Z] caveman-budget-auto fired  cwd=/Users/joshc/Projects/c3cdao-pfty
[2026-04-22T14:24:55Z] workflow-gates-session fired  cwd=/Users/joshc/Projects/c3cdao-pfty
[2026-04-22T14:24:55Z] caveman-budget-auto fired  cwd=/Users/joshc/Projects/c3cdao-pfty
[2026-04-22T14:40:02Z] caveman-budget-auto fired  cwd=/Users/joshc/Projects/c3cdao-pfty
[2026-04-22T14:40:02Z] workflow-gates-session fired  cwd=/Users/joshc/Projects/c3cdao-pfty
[2026-04-22T15:43:35Z] caveman-budget-auto fired  cwd=/Users/joshc/Projects/c3cdao-pfty
[2026-04-22T15:43:35Z] workflow-gates-session fired  cwd=/Users/joshc/Projects/c3cdao-pfty
[2026-04-22T15:51:26Z] workflow-gates-session fired  cwd=/Users/joshc/Projects/c3cdao-pfty
[2026-04-22T15:51:26Z] caveman-budget-auto fired  cwd=/Users/joshc/Projects/c3cdao-pfty
[2026-04-22T19:34:57Z] caveman-budget-auto fired  cwd=/Users/joshc/.skills
[2026-04-22T19:34:57Z] workflow-gates-session fired  cwd=/Users/joshc/.skills
[2026-04-22T19:35:59Z] workflow-gates-session fired  cwd=/Users/joshc/Projects/orchestra
[2026-04-22T19:35:59Z] caveman-budget-auto fired  cwd=/Users/joshc/Projects/orchestra
[2026-04-22T20:07:00Z] workflow-gates-session fired  cwd=/Users/joshc/.skills
[2026-04-22T20:07:00Z] caveman-budget-auto fired  cwd=/Users/joshc/.skills
[2026-04-22T20:48:47Z] caveman-budget-auto fired  cwd=/Users/joshc/Projects/orchestra
[2026-04-22T20:48:47Z] workflow-gates-session fired  cwd=/Users/joshc/Projects/orchestra
[2026-04-22T21:03:33Z] caveman-budget-auto fired  cwd=/Users/joshc/Projects/orchestra
[2026-04-22T21:03:33Z] workflow-gates-session fired  cwd=/Users/joshc/Projects/orchestra
[2026-04-22T21:15:30Z] caveman-budget-auto fired  cwd=/Users/joshc/Projects/orchestra
[2026-04-22T21:15:30Z] workflow-gates-session fired  cwd=/Users/joshc/Projects/orchestra
[2026-04-22T21:30:06Z] workflow-gates-session fired  cwd=/Users/joshc/Projects/orchestra
[2026-04-22T21:30:06Z] caveman-budget-auto fired  cwd=/Users/joshc/Projects/orchestra
